 ------ ThreadMap::kThreads ----- 
/home/tgrogers-raid/a/gaur13/research/cutlass/include/cutlass/conv/threadblock/conv2d_fprop_filter_tile_access_iterator_eqanalytic.h(214): error: class "DebugValue<128>" has no member "kStrided"
 -------------------------------------------------------  
 ------ ThreadMap::Detail::WarpThreadArrangement::kContiguous ----- 
/home/tgrogers-raid/a/gaur13/research/cutlass/include/cutlass/conv/threadblock/conv2d_fprop_filter_tile_access_iterator_eqanalytic.h(214): error: class "DebugValue<4>" has no member "kStrided"
 -------------------------------------------------------  
 ------ ThreadMap::Detail::WarpThreadArrangement::kStrided ----- 
/home/tgrogers-raid/a/gaur13/research/cutlass/include/cutlass/conv/threadblock/conv2d_fprop_filter_tile_access_iterator_eqanalytic.h(214): error: class "DebugValue<8>" has no member "kStrided"
 -------------------------------------------------------  
 ------ ThreadMap::Detail::ShapeInAccess::kContiguous ----- 
/home/tgrogers-raid/a/gaur13/research/cutlass/include/cutlass/conv/threadblock/conv2d_fprop_filter_tile_access_iterator_eqanalytic.h(214): error: class "DebugValue<<error-constant>>" has no member "kStrided"
 -------------------------------------------------------  
 ------ ThreadMap::Detail::ShapeInAccess::kStrided ----- 
/home/tgrogers-raid/a/gaur13/research/cutlass/include/cutlass/conv/threadblock/conv2d_fprop_filter_tile_access_iterator_eqanalytic.h(214): error: class "DebugValue<<error-constant>>" has no member "kStrided"
 -------------------------------------------------------  
 ------ ThreadMap::Detail::WarpArrangement::kContiguous ----- 
/home/tgrogers-raid/a/gaur13/research/cutlass/include/cutlass/conv/threadblock/conv2d_fprop_filter_tile_access_iterator_eqanalytic.h(214): error: class "DebugValue<1>" has no member "kStrided"
 -------------------------------------------------------  
 ------ ThreadMap::Detail::WarpArrangement::kStrided ----- 
/home/tgrogers-raid/a/gaur13/research/cutlass/include/cutlass/conv/threadblock/conv2d_fprop_filter_tile_access_iterator_eqanalytic.h(214): error: class "DebugValue<4>" has no member "kStrided"
 -------------------------------------------------------  
 ------ ThreadMap::Iterations::kContiguous ----- 
/home/tgrogers-raid/a/gaur13/research/cutlass/include/cutlass/conv/threadblock/conv2d_fprop_filter_tile_access_iterator_eqanalytic.h(214): error: class "DebugValue<1>" has no member "kStrided"
 -------------------------------------------------------  
 ------ ThreadMap::Iterations::kStrided ----- 
/home/tgrogers-raid/a/gaur13/research/cutlass/include/cutlass/conv/threadblock/conv2d_fprop_filter_tile_access_iterator_eqanalytic.h(214): error: class "DebugValue<4>" has no member "kStrided"
 -------------------------------------------------------  
